driver.get
点击:最新
=========
<selenium.webdriver.remote.webelement.WebElement (session="0bfd00f96ee68840e8b226cda5307101", element="dbd44537-9c70-4a01-ae29-990b02089276")>
['巨浪视线', '行者', '非遗日记', '吃货地图', '目的地报告', '城市地理', '山河往事', '吾乡与吾民', '小镇密码', 'why地理', '大语文', '美丽中国说', '《商学院》杂志', '赛梨电竞', '网易科技', '万能编辑部', '北京新视听', '文旅聊城', '金牌特工', '北城红豆', '嗨普陀', '镇江民生频道', '最强蜗牛西能', '平凡之光', '荆头条', '贝果财经', '济南公安影视', '掌中庆阳', '中国水利报', '第1眼视频', '成都高新', '新华红', '中国农资传媒FM', '行走的二次元', '见智财经', '新疆是个好地方', '南昌频道', '橙一电台', '短视频礼赞新中国', '长江商学院', '车若初见官方频道', '娄山关微视', '任芸丽', '乌海新闻', '桂林气象', '淘宝吃货', 'FJTV纪录片创作室', '韩城新闻', '刘宽音乐工厂', 'SBS暖视频', '中国红山', '梅卿快车道', '咪咕音乐', '萌猫宝哥哥', '江北发布', '天天天水网', '悦耳音乐钢琴', '冷食社', '《梅卿看世界》', '偶像请回答', '浙江新闻广播', '刘少奇同志纪念馆', '扶残助残', '红红在首尔', '上车', '每日瑜伽', '饶舜英语访谈', '金融民工吉胖子', '蜜蜂TV', '装修PLUS', 'BTSZD孙子团', '整理生活', '平顶山日报', '快快看', '海淀公安', '云集将来', '城市号角', '江西晨报', '汤包TV3', 'high嗨', '车BOSS', '梨北京', '房视频', '米果儿', '科普中国', '觅食迹', '张军看美国', '美食家大雄', '医视频', '小白便当', '大飙车', '点视频', '长草颜团子', '漫咖大杂汇', '落甜视频', '中国外文局融媒体', '夏厨陈二十', '口袋舞蹈君', '汽车洋葱圈', '视也', '萝卜报告', '大城小事', '陛下开饭了', '舌尖上的试吃团', '咪咕动漫', '带你见大咖', 'LogTV', '食客栈', 'GOING', '生了么', '歪果仁在中国', '菜菜美食日记', '华加TV', '茶啊二中', 'Fit健身', '资博33', '兔玩电竞', '成真', '颖涵的快厨房', '看鉴地理', '歪果仁研究协会', '曼食慢语', '中新经纬', '读特影音', '方浪浪', '茶香记', 'Hi走啦', '人类实验室', '真像大白', '小片片说大片', '收了Sola', 'MakerBeta', '环球人物', '阿福来了', '知闻网', '日食记', '品牌', '一条', '看鉴', '中国网', '单读视频', '罐头视频', '视知TV', '厨娘物语', '动历史', '公司联播', 'seekr', 'ING现场', 'why体育', '一见读书', '麻辣车评', '老板联播', '微辣Video']
=========
点击:热门
=========
<selenium.webdriver.remote.webelement.WebElement (session="0bfd00f96ee68840e8b226cda5307101", element="04afe25e-d7a7-4d93-a5de-9207496aa8a2")>
['新华网APP', '中新经纬', '汤包TV3', '第1眼视频', '贝果财经', '快快看', '上车', '读特影音', 'SBS暖视频', '口袋舞蹈君']
=========
点击:资讯
=========
<selenium.webdriver.remote.webelement.WebElement (session="0bfd00f96ee68840e8b226cda5307101", element="24c7e338-d826-4c69-929e-f8235124504d")>
['微辣Video', 'ING现场', '梨北京', '快快看', '读特影音', '华加TV', '张军看美国', '平凡之光', '短视频礼赞新中国', 'SBS暖视频', '饶舜英语访谈', '海淀公安', '娄山关微视', '江西晨报', '浙江新闻广播', '江北发布', '南昌频道', '乌海新闻', '中国红山', '韩城新闻', '成都高新', '掌中庆阳', '荆头条', '镇江民生频道', '中国农资传媒FM', '济南公安影视', '时差视频', '全球拍', 'NowThis', '一手Video', 'OMG!', 'DIGGER', '梨重庆', '犀牛视频', '英国报姐', '辣焦视频', '联合国', '网易新闻', '远近', 'Numbers', '梨街访', '侃货视频', '梨郑州', '梨青岛', '一目Video', '可乐曰', '梨成都', '奇探记', '梨武汉', '梨济南', '梨深圳', '梨南京', '华中视频', 'PaperWeight', '北方视频', '新华15秒', '华南视频', '梨长沙', '梨沈阳', '中原视频', '梨杭州', '西南视频', '拍拍造', '人民日报评论', '梨贵阳', '梨南昌', '唯众传媒', '梨西安', '察看天下', '中国警察网', '半岛V视', '荔枝新闻', '摄氏度', '梨哈尔滨', '梨兰州', '1视频', '天府TV', '梨合肥', '中视前卫', '中青报·中青在线', '趣味法律知识', '人民网同心圆', '梨厦门', '梨天津', '梨昆明', '师兄指路', 'Vivid Video', '梨南宁', '北京推客', '国民地理', '人民日报中央厨房', '梨太原', '梨广州', '球球生活智慧坊', '芒果都市', '晓东方', '财经新媒体', '荆楚网视', '梨视同城', 'iWeekly', '西兰一枝花', '触电新闻', '来画视频', '沈阳新闻综合频道', '聚有料', '凤凰卫视', '武汉交警', '一手好牌', '青岛全民说', '保险岛', '小短手视频', '人民网采访中心', '晶报', '国资小新', '京津冀大头条', '都市条形码', '地平线', '大公文汇官方号', '弄撒头条', '悦享视频', '盛京汇', '浙江之声', '网易传媒', '江南都市报', '强词有理', '来往', '新武夷', '即刻App', '嬉游大娱记', '沈阳校园事儿', '都市晚间', '中国吉林网', '中化集团', '华夏经纬网', '@雷锋', '东经120度', '珠海贝拍', '摄影达人昭鸣', '视线苏州', '国际时间线', '东东呛', '大方县广播电视台', '成视新闻', '咩视频', '远洋路1号', '掌上长沙', '女记者短视频大赛', '内蒙古日报', '咸宁日报', '视频公社', '梨享型', '天天瞄瞄', '广汉全媒体', '为蓝', '河北青年报冀中版', '浦东电视台', '中闻锡见', '法条来了', '贵景视频', '鲁网青岛', '着调视频', '叽里呱啦儿童英语', '今日会客厅', '中华工商时报', '成都高新那些事儿', '今日清江浦', '知道了澳', '爬楼达人Vannay', '潮流达人黄到及日', '福田影视', '全媒体公益', '江津融媒体中心', '安阳广播', '深圳晚报', 'SBS政经工作室', '河南法制报', '看金牛', '阜阳新闻联播', '最涿州', '三峡宜昌', '今日相城', '网信烟台', '江津新闻', '金牌帮女郎', '小飞飞', '伊州公安', '海博TV', '鲁网', '小鱼正义联盟', '环游视频', '爱东营', '眼神video', '安徽移动电视', '达州之心通川', '西秀事情', '壹点苏州', '网信张掖', '娄底发布', '花生视频', '禹州融媒', '合肥高新发布', '成华区融媒体中心', '太和新闻', '丰润政法', '直播阳江', '阳光网', '乌海融媒体']
=========
点击:社会
=========
<selenium.webdriver.remote.webelement.WebElement (session="0bfd00f96ee68840e8b226cda5307101", element="4fdb664a-5b20-4f2c-96ea-c4fb9e986cba")>
['大城小事', '歪果仁在中国', '平顶山日报', 'high嗨', '汤包TV3', '扶残助残', '新华红', '刘少奇同志纪念馆', '天天天水网', '万能编辑部', '中国水利报', '嗨普陀', '一手调查', '风声', '论据', '帧像', '原色', '北纬36度', '长安剑', '央视天网', '视界之最', '山东卫视《调查》', '海峡新干线', '紫金山视频', '碰碰词儿工作室', '哇塞涨见识', '正义说', '环球时报英文版', '有意思TV', '绿色和平', '福建法治报', '法在身边', '大叔说', '火星小视频', '查悦社保', '老友记TV', '透明人', '益视频', '爷爷等一下', '法制晚报看法声画', '建言中国', '直播生活', '夜晚十点后', 'CRI拍客中国', '人才相对论', '中老年大讲堂', '普了次法', '法律讲堂', '中国交通湖北频道', '泼猴街访', '郑直播', '警花来了', '青岛大学视频中心', '新农村频道', '我与改革开放', '黑土麦田', '问政江西', '正好公益', '新世相', '一人谈视频', '小驴说法', '贵州5频道', '南京视界', '廉政中国', '女行', ' 大话小片', '听云说', '小辣妈coco', '首都网警', '张生的视频', '南国早报', '321生活go健康', '优生活实验室', '重庆急救', '浙样红', '中国扶贫基金会', '重庆卫视', '见视频', '城市情书', '炎传', '有扶同享', '爱武进', '温江区人民检察院', '千华网', '许昌日报', '焦作日报', '无锡都市频道', '壹基金', '量子视频', '救助儿童会', '河南都市频道', '吆吆零距离', '三峡广电', '民生关注', '滔滔雄辩', '东莞日报-i东莞', '石首市新闻中心', '板蓝根女侠', '姜威律师', '《点赞襄阳人》', '福建交通广播', '天天正能量', '良犬计划', '乌兰察布园林绿化', '中原时间线', '西南时间线', '阜阳新闻综合频道', '常德融媒', '爱德荟', '帮帮团V直播', '帮帮大调查', '无锡eTV全媒体', '抽样记录', '东北时间线', '禄丰警方', 'CYCAN', '介休广电微视频', '新疆边检总站', '海口广播电视台', '黎平发布', '湖北之声', '华南时间线', 'FM104摩登电台', '童话-KIDS TALK', '京西视觉', '本地新闻', '北方海南', '预见中原', '京彩好评', '南京晨报', '醉美仓山']
=========
点击:明星
=========
<selenium.webdriver.remote.webelement.WebElement (session="0bfd00f96ee68840e8b226cda5307101", element="9cdca65f-c81f-426a-b545-4c341ebc5331")>
['带你见大咖', '咪咕音乐', '偶像请回答', '北城红豆', '文娱小队长', '水煮娱', '上镜', 'SNH48', '瓣嘴', '深圳卫视', '明星包包的秘密', '今日人物', '明星在哪儿', '饭爱豆', '香蕉娱乐', '弄撒', '口袋电影', '易安音乐社', 'STARBOX人物', '1905电影网', '理想家', '杨紫官方后援会', 'Trainee18', 'BEJ48', '非常道', 'GNZ48官方账号', '淘梦', '娱罐头canned', '九筒空间站', '闪电观影团', '种子君说', '上流星光', '捕娱', '爱看啥看啥', '神评娱乐', 'NEW FACE', 'COSMOS立体偶像男团', '升舱实验室', '丁天D小姐访谈', 'NGC TV', '甜菜娱乐', '猫眼剧综团', '加减乘除组合', 'SWIN组合', '马剑越', 'D七少年团', 'Omode', '凤凰网大风号', '自由型星Freextar']
=========
点击:综艺
=========
<selenium.webdriver.remote.webelement.WebElement (session="0bfd00f96ee68840e8b226cda5307101", element="0f2ad47c-7d64-4452-853b-28d44af5933c")>
['吐槽大会', '畅姐哔哔哔', '芒果TV', '我现在不能笑', '爱in思谈', '央视影音', '我们的挑战', '单身战争', '小小演说家', '静距离', '艾特春晚', '超强音浪', '东南卫视', '山东卫视', '中国新歌声', '妖妖life', '旅者营地', '王者历史课', '江苏卫视', '诗书中华', '湖南卫视我是未来', '歌声的翅膀', '我为喜剧狂', '越野千里', '一起来跳舞', '三感初体验', '欢乐喜剧人', '蒙面唱将猜猜猜', '来吧冠军', '中国新相亲', '不装', '山西卫视', '语者PERS', '叨叨颜究所', '匠心传奇', 'GNZONE', '优酷大片起来嗨', '味里故乡', '我中国少年', '老年人研究协会', '山东卫视奇迹时刻', '可以娱乐2018', '你好！生活家', '铁甲雄心KOB', '卡拉偶客', '《同一堂课》', '微综艺催眠大师', '哪说哪了', '好久不见', '菜鸟驾道', '中国在跨界', '飞鱼娱乐MCN', '识人研究所', '两面派', '爱弟鹅', '现场人生', '霓雾娱乐']
=========
点击:搞笑
=========
<selenium.webdriver.remote.webelement.WebElement (session="0bfd00f96ee68840e8b226cda5307101", element="9c9c8907-c90f-4e3f-ba10-f543c5e9ba54")>
['歪果仁研究协会', '阿福来了', '人类实验室', '毒角SHOW', '星座不求人', '我爱问老外', '职场小钢炮', '上海英语圈', '小学生看世界', 'Ben大叔不笨', '首财之道', '咪吱冷芝士', 'DDCtv', '魔都捉歪记', '我咋还不红', '触摸重庆', 'real信誓蛋蛋', '奔跑吧大叔', '嘿热闹', '犬客圈', '小视一庄', '阿猫吸阿狗', '沙发视频', '暴走茂名.', 'funplay', '街坊队长', '花样爷爷奶奶', 'BTV跨界喜剧王', 'DEALERS', '八爪实验室', '百搭达人王桂花', '锦鲤街访', '常小亮', '美肤魔法学院', '小美说创业', '今儿就一个 字', '微微辣TVmosaic', '留学有话要说', '老坛胡说', '野餐达人3lols', '笑匠曹杰', '前方有埋富', '嗨周末达人Sammie', '猫本新鲜事', '我的废柴超能力']
=========
点击:两性
=========
<selenium.webdriver.remote.webelement.WebElement (session="0bfd00f96ee68840e8b226cda5307101", element="41fc6294-90a0-44ae-aeca-7823a2826932")>
['成真', '陈茂源', '安慰记', '同道大叔', '托比恋爱学', '不二长老', '恋爱二月说', '算爱研习社', '橘子情感', '取得短视频', '一个人Alone', '等你懂我', '美的专业主义', '角落映画', '二月情感教育', '8点了妈', '用爱读心', '呼唤婚礼', '一食一语']
=========
点击:美食
=========
<selenium.webdriver.remote.webelement.WebElement (session="0bfd00f96ee68840e8b226cda5307101", element="7627274a-e10c-4c05-97e0-8b267cce8262")>
['日食记', '淘宝吃货', '厨娘物语', '颖涵的快厨房', '曼食慢语', '菜菜美食日记', '陛下开饭了', '夏厨陈二十', '落甜视频', '美食家大雄', '食客栈', '小白便当', '舌尖上的试吃团', '冷食社', '觅食迹', '任芸丽', '美食台', '日日煮DayDayCook', '上班族的便当', '太阳猫美食TV', '好好吃', '办公室小野', '迷迭香美食', '魔力美食', '品城记Video', '旅食家', '味库美食视频', '片乎', '美食男女', '知咚', '小圆食记', '古人食', '咕噜健康餐', '一膳斋', 'FoodForFun', '胖子食堂', '拙然悦享', '食帖', '嘟嘟熊吃货日记', '太吃', '丛林之家', '蘑菇娘娘', '我要嗨官方频道', '吃很重要', '企鹅吃喝指南', '一口', '美貌便当', '大国小味', '职男冬阳君', '寻吃视频', '可可私厨', '美食单', 'i烘焙美食', '大师的菜', '食种男', '情食', '朝食集', '关于葡萄酒', '京城奇珍异物志', '绵羊料理', '食宗罪', '黄先生厨房', '筷子频道', '料理无国界', '美食工坊', '食我EATME', 'Miu的食光记', 'Lily美食谈', '寻味手札', 'WISH精品餐厅指南', 'Freesiaa', '翔翔大作战', '菜来道', '胡小May', '识饭', '小鲜侠鲜食记', '锅包肉博士', '美豆爱厨房', '雪鱼探店', '凯味', '四季厨房', 'Az面包', '小食刻', 'A001号食客', '食記', '美食煮艺', '嗨大海', '一米便当', 'i烘', '竖品', '一餐范', '便当先生', '秀艺场', '开心食塘', ' 香哈菜谱', '小白食间', '朱莉生活日记', '23煮厨', '农村四哥', '香喷喷的小烤鸡', '两米小厨娘', '朝族媳妇辣白菜', '肖先生的餐桌', '咕嘟夜食', '虾片', '槑文化', '上饮良品', '爱做饭的张小辫', '嘛咪酱', '美食新视角', '饭美食', '食尚小米', '柒点食分', '食客恋', '相食小记', '没火气厨房', '大魔王料理', '小暴姐美食记', '辣叔日日煮', '咯吱一下', '食在', '语芳食记', '沈阳天生吃货', '遥大哥好餐厅', '初味日记', '小彪美食', '妻子的餐桌', '希间酒话', '食文白', '青岛味道', '舌尖素食', '萌食煮义', '必须吃光光', '小厨Nemo', '皇后的厨房', '心煮艺', '翌食', '一丢生活', '孤单美食', '橘子姐', '饭爷记', '味蕾实验室', '韩国Tak欧巴', '嘉0食刻', '王子瑜的美食日记', '姜样Fun食记', '凌子日记', 'Tastemade', '情绪厨房', '宝宝辅食微课堂', '吧唧研究所', '欠你一顿饭', '凡人食', '小情素', '徐妈妈厨房', '食贫道', '惟楚有菜', '八搭教你做美食', '我爱重庆日与夜', 'MIO FOODIE', '氢年派', '食味君', '渔客慕小霖', '潮汕美食和方言', '三更小灶', '柯一口', '午一', '黑猫厨房', '食记先森', '肚子等待', '秘味美食', '柒味工坊', '石榴美食', '美食教学原创视频', '一朵美厨', '四郎的黑暗料理', '复古米米', '江小鱼的厨房', '树花逛吃', 'Miss饭365道米饭', '做个吃的', '这点小事视频', 'biubiu美食家', '欣怡悦分享', '食社', '午范儿视频', '还原神厨', '乐厨房', '京城黄三儿', '九点开吃', '探店达人圆子', '猎咖人', '山林食记', '益嘉美食生活家', '绪作', '卷头发的稻草人', '小紫说菜', '秦小宴', '食之杂陈', '时尚美食达人大发', '灵动食光记', '侦探美食达人19', 'ChinEAT', '长沙hin有味', '懒人厨房', '灵动美食', '轻食夜食', '赤脚小鲜', '熊猫大厨', '解忧私厨', 'HelloSummer', '水大叔', '橙橙爱烘焙', '清欢有味', '葡萄酒鉴赏家', '吃意点', '菜谱鉴定达人罗叔', '机长睿智', '食味阿远', '良姜小叔的厨房', '典典吃喝教主', '果知派', '菜元里', '真米如初', '最家饮食', '饕略', '火锅达人大宝', 'Unicorn厨房', '食说心語', '暗黑料理王', '有食之士Video', '娇小厨', '孤独的小鲜肉', '宅人食堂', '南京美食情报', '破天荒Yeah', '大毛开吃', '吃货联盟', '可伊甜一点', '漏斗食光', '美食达人小葱', 'Bread Gossip', '迪士尼达人小熊', '米其林达人强哥', '糖心与老徐', '学姐的味道', '婷姐新煮意', '美食达人金克丝', '川味传奇', '走街串巷达人Ceci', '符号·随食拍', '一食间EATIME', '酒话大会', '星食语', '张子酿', '渝上好食', '檀老吃和吴老吃', '上铺下桌', '葩观法国', '唐大掌柜', '大爱美食', '吃货达人Will', '美食达人B太', '木易苏野趣', '外卖达人哎哟阿尤', '美食达人小老噶', '料理达人土酷少女', '食汇高铁', '厨人山鬼', '辣手食探', '饭桶的美食生活', '三餐记', '小膳集', '暴走味蕾', '美食达人一碗', '大白聊美食', '逛吃逛吃', '吃喝达人布丁麻花', '结巴老爹', '濑户料理学院', '萌想烘焙', '西阁东厨', '不赶时间', '揾餐食', '海礁吃么起', '蒙查查会生活', '杨九九美食日记', '拔草达人66', '趣食达人萌面羊', '铭厨汇', '陈泓辰', '有拍TV', '吃啥', '创意美食达人雪瑶', '旅英达人阿昊', '试吃达人骨豆猫宁', '美食博主黄艾伦', '刘大哥今天做饭吗', '抹茶涩姐', '瘾食星球', '马亮在China', '天羽新媒', '记录生活的蛋黄派', '叮有料', '美食测评达人艾琳', '一口江湖', '探店达人丝带啦', 'Denis微醺频道', '探店达人甜仙', '逛吃达人舒米酱', '买汰烧达人PHINA', '小喵爱厨房', '无所尉吃什么', '凤雪美食', '蠢纯的二次元美食', '二叔食集', 'Miss朵莉', '舌尖品鉴团', '文哥美食君', '小高姐的魔法调料', '闪客家', '棉棉来吃饭', '老仙美食', '常食三', '玲食妹Linda', '南边的小路', 'Heshig创意', '黑糖美食记', '白大白秀', '叮咚时刻', '摩托美食之旅', '百味大彭', '李察哈尔灿']
=========
点击:养生
=========
<selenium.webdriver.remote.webelement.WebElement (session="0bfd00f96ee68840e8b226cda5307101", element="bbf75671-78ac-43e9-bb0c-1b7b288de6a4")>
['医者说医', '纪录中医', '央广健康', 'CCTV微视', '一分钟谈健康', '《名医说》', '养生公式', '口香堂', '天天聊健康', '本草中华', '办公室美吧', '素念自生活', '哈鹿视频', '左右健康', '健康次时代', '金牌开讲', '高考头啖汤', '茹此植物素生活']
=========
点击:旅行
=========
<selenium.webdriver.remote.webelement.WebElement (session="0bfd00f96ee68840e8b226cda5307101", element="c0477284-2323-45f8-83fb-a296cb364a80")>
['Hi走啦', 'GOING', '《梅卿看世界》', '行走的二次元', '文旅聊城', '新疆是个好地方', 'MUZI看世界', '野心视频', '环球梦游记', 'Big大世界', '迷人目的地', '魔力旅行', '1MM足迹', '日本吃得到', '试睡大师', '冒险雷探长', '世界多美丽', '动旅游', '荒野游侠记', 'Jeremy', '轻旅视频', '行路男', 'A Little Light', '寻奇者', '我去看世界', '边境线生活', '去过', '人字拖游记', '知宿', 'RxS的奇妙旅行', '别有峰趣', '暴走兄弟', 'FEI常旅行', '敢姑娘', '航拍江湖', '小宇航拍', '最游感觉', '旅行小说', '咔咔就走', '新西兰加点糖', '嗨！澳洲', '艾理克', '前院儿', '布丁看世界', '凯德来了', '旅行囧记', '无径之林', '中国东方航空', '远方不远', '小妞说兰卡', '天巡旅行视频', '影巷梦野', '乐游天津', '环游记', '发现派', '美食达人Mardan', '一路行', '元住视频', '穿过大半个中国', '我有一个旅朋友', '查理说旅游', '行季FOOTPRINT', '包览天下', '小婷子的旅行清单', '第一次小姐SUN', '海对面', '飞来飞趣短视频', '武汉一PIE', '阿勒泰新闻网', '游去视频', '小城记事', '航拍世界', '跟我自驾游', '黑龙江省旅游委', '最7天', '森度旅', '买空地球', '骑士录', '小匹看世界', '探险达人闪米特', '零度日记', '乘着绿皮车去旅行', '悦悦的旅行灵感', '徐磊的旅行镜头', '合纵旅行', '旅行达人LonelyL', '旅行达人熊炟炟 ', '轻旅行达人程阅川', '探展达人艺术地图', '民宿达人刘鑫', '宝葫芦泰国环游记', '冷却计划', '超级流浪', '生活达人BBS.Lee', '客官跟我游', 'Gennaro', 'SUN AVENUE', '鹏程', '蓬马少年派', '野录子', '侣游崔小东', '你要去哪儿', '海岛攻略', '泉城济南', '旧皮蛋', '亦驰y1ch1']
=========
点击:创意
=========
<selenium.webdriver.remote.webelement.WebElement (session="0bfd00f96ee68840e8b226cda5307101", element="4e4c2db9-8b22-4fe0-8506-4544fc103887")>
['收了Sola', '医视频', '方浪浪', '耀眼', '嘿! 你被耍了', '破坏狂', '盗心魔幻', '致作', '摄影猫不斩', '好白视频', '八角盒', 'DJI大疆创新', '一个手作', '极客鞋谈', '芭比哪吒', '每日一设计', '原森太尚木', '斜杠生活', '一花一期', '妙技', '小科在画画', '科技酷站', '吱嘎', '乔的奇迹时刻', '趣集', '头号TV', '酿影像工作室', 'OhMore北美', '花生TV', 'KINFOLK四季', '装C研习室', '作家记', '至极视觉', '万物极', '胡痴儿画思维', '手工菌六爷', '鸭梨姐姐的手造记', '国王先生制造', '歪点子实验室', '好奇五先生', '手工小匠', '大河有鱼一OY手绘', '拓路客', 'I ❤️ 上海大学', '手帐达人阿怪', '土地公张福德', '乐高达人坏雪', '摄影师念念', '响指学姐', '青春成都', 'NOWNESS中文网', '中学微视频组委会', '清新文具达人腿毛', '万事屋', '扒猫趣生活日记', '樱桃子的迷你手作', '新奇玩具达人小新', '小苏看世界', '四唯工艺', '调酒达人大白', '艺趣没有边', '竖览', '《做的什么画》', '小城故事工作室', '毛破儿', '折纸达人阿荣', '迪士尼达人茶泡饭', 'Wisdom工场', '手帐达人ellie', '马术达人周楠', '模型达人李响Lem', '探店达人-Nikooo', 'Soozooya阿龙', '你好手作', '种草手工菌', '体验达人聪明君', '礼物达人二当家', '造物森林的大掌柜', '无琪不有', '赵查克']
=========
点击:科技
=========
<selenium.webdriver.remote.webelement.WebElement (session="0bfd00f96ee68840e8b226cda5307101", element="42082522-da9c-4b34-a2d8-526eaee95dba")>
['seekr', '知闻网', '真像大白', '科普中国', 'MakerBeta', '点视频', 'LogTV', '视也', '网易科技', '科技公元', 'ZEALER', '爱范儿视频', '校长开蒋', '黑科技党', ' 必看视频', '找靓机', '一本叨日报社', '懒科技', '科技每日推送', '爱问爱答', 'VDGER唯界', 'HeyDrones', '极智TV', 'SoFun搜趣坊', '锋潮评测室', '闲蛋报社', '百教授', '找靓机科技V', '造就', '极酱', '慢点视频', '因吹丝挺', '海豚视频', '神马科技', '极刻', 'Harvey科技', '二麦科技', '探秘未知世界', '万能的柚物', '两分', '极客视界', 'MensGame', '诸葛齉齉', '野马创社', '涛哥测评', '猫眼科技', '三橙视频', 'Unboxtherapy', '极光快讯', '何悠悠玩VR', 'Maxidea极客万象', '杰森帮', '极客公园', '硅谷派', 'Mashable', '科客', 'KnowingAI知智', 'AppSo', 'KOB机器人格斗', '晓设记', '机情派', '方的说', '互事视频', '科氪Krtech', '笔科技', 'PS技巧应用', '高效君', '小蜗撩创意', '少海汇', '加油！向未来', '分钟干货', '设想十', '数码达人Daimoi', '科技拆拆看', '科技快车道', '全国科普日', '有料创意', '逸凡实验', '神奇科学', '创意化工厂', '玩机课堂', 'AI百人', '爱玩客iVankr', '智汇范儿', '微鲸那点事', '蜜茶摄影', '科技猩球', '80说科技', 'momo大设计', 'PICK实验室', 'WuMa', '中国质检网智能', '科技辣点事儿', '航拍达人一江', 'FULLUCK', '小辉辉搞科技', '装备达人大家谈', '牛马杂货铺', '识藏科技', 'PlayCam', '萝卜特工作室', '奇葩硬客', '科技达人小日老师', '被逼的小旋风', 'SherpaMan', '老师好我叫何同学', 'ZJY朱锦源', '何必呢学长', '活好BetterLiving', '通信信息报', '虚空光影', '轻电科技', 'AKRAW']
=========
点击:教育
=========
<selenium.webdriver.remote.webelement.WebElement (session="0bfd00f96ee68840e8b226cda5307101", element="9331061e-f5fd-49fa-89f1-fe0c5efb0ab4")>
['悦耳音乐钢琴', '蜜蜂TV', '橙一电台', '早安英文', '小宇宙', '火星人俱乐部', '字曰', '两米青年', '聊“天”', '张老师课堂', '阿滴英文', '人民攻摄', '原来这么拍', '英语口语Maggie桃', 'SOE音乐课堂', 'sikana学院', '意“犹”未尽', '猿辅导', '仰望星空见所未见', 'OneTV ', 'IFP视频教学', '刀妹快跑', '阿勇PR', '简单创意玩摄影', '短视频拍摄技巧', 'PPT文学社课堂', '趣迷', '52百科', '表面文章', '精英说', '《庞晔人才精》', '友路子', '日语学习雷', '复旦青年', '猫叔Barry', '卓然老师说', '儿童健康教育', '英文小贴士', '兰海说成长', '山下学堂', '魔法实验室', '陈晨说艺考', '中国石油大学', '麦田青年课', '环球教育周刊', '超脑日语', '民警李建国', '留学问号', '大仙儿课堂', '留学吧！少年', '葫芦丝教程', 'CETV新闻', '《辣妈说》第二季', '虾学', '沪青传媒', '我是于干', '重铁技师学院', '蔡海晨美术教育', '小码精灵', '螺蛳教育']
=========
点击:百科
=========
<selenium.webdriver.remote.webelement.WebElement (session="0bfd00f96ee68840e8b226cda5307101", element="cf482ba1-6a50-418f-b212-2792e578bb67")>
['视知TV', '罐头视频', '看鉴地理', '品牌', '吾乡与吾民', '美丽中国说', '城市地理', '山河往事', '桂林气象', '吃货地图', '小镇密码', '目的地报告', 'why地理', '大语文', '行者', '非遗日记', '真相大白话', '微在涨姿势', '找靓机科普V', '壹周知', '柴知道', '奇妙实验室', '飞碟说', '喵招', '鱼眼视频', '无际短片', '好奇实验室', '人间彩蛋', '啃芝士', '造物集', '大幕视频', '无巧不成叔', '青椒TV', '小时视频', '聪聪Talk', '探吧', '万物30秒', '肤浅科技', '实验先生', '颜值手工', '歪国冷知识', '分钟学堂', '花草日志', '照理生活', '地瓜视场', '芳香补习社', '手工狂人', '卓悦', '轻得', '妈咪说', '秒兔为虾米', '芝士方舟', '千百漫', '乐活记', '东南生活家', 'WISDOM', '生活大爆炸BOOM', '回形针PaperClip', '植啦', '曲大师', '全职妈妈爱丽丝', '麦咪出品', '襄阳一医', '南都周刊', '有律', '夏小鱼', '创意夫君', '兔肉菌', '好奇龙', '醉鹅娘']
=========
点击:文化
=========
<selenium.webdriver.remote.webelement.WebElement (session="0bfd00f96ee68840e8b226cda5307101", element="40693559-fb4d-42ef-9107-1eabf8653c4f")>
['一见读书', '单读视频', '茶香记', '中国外文局融媒体', '城市号角', '留学的真相', '一刻talks', 'DailyBlah', '西游中国', '战斗民族有话说', '万物', 'Lens', '前后文化', '外星球', '传家本事', '书匠', '留学生日报', '果麦视频', '幕幕小幸福', '大话王KOB', '辛辣文化', '互谱Coup', '文艺旅舍', '世角', 'Benku8', '嘿哲学', '猎奇笔记', '未读选书', '物色doc', '意大利微服私访', '本一视频', '蚂蚁求知', '门视频', '宸冰读书', '肉庄视频', '凤凰网文化', 'V频说', '果秋了', '十行视频', '国学大家说', '十点视频', '泡菜女博士', '态度TV', '看理想', '多彩圈儿', 'ZozoShow', '壹方', '街头先锋人物志', 'Neocha', '日刻视频', '神奇的英国人', '西仓', '放学你别走', '广西师大出版社', '寻味', '以摄影聚焦旅途', '海月中天', '是非建筑', '边个视频', 'Channel R ', 'X馆长', 'THE YOUNG GUYS', '有时视频', '讲者', '茶悦视频', '零点实验室', '漳州档案', '纪录中国符号', '咖啡达人小马仔', '品茶达人克克', 'P话多', '人民读书', '乐童音乐', '东视频', '网易蜗牛读书', '火星芥末', '民间传', '极简说书', 'CNG-BOOK', '西海茶事', '语言达人爱文', '12刻拾字', '破界创新实验室', '读书达人老静', '优贝壳', '一座藏嘉CITY', '唱戏吧', '创意南京', '比出我的中国心', '城事达人爆嫂', '楚境', '梨思南', '民宿达人刺猬', '昆曲达人沈小燕', '小张FREE外语', '秦思源', '匠达人复兴手工艺', '中国网络文学大会', '剧场达人大雨', 'CDELive', 'ChinaJoy', '城视PUDONG', '东方大剧院news', '拾喜视频', '大家一起上剧场', '中国道路研究中心']
=========
点击:艺术
=========
<selenium.webdriver.remote.webelement.WebElement (session="0bfd00f96ee68840e8b226cda5307101", element="cec48637-e1f3-4683-9610-c5282b47122a")>
['意外艺术', '黑书', '木木美术馆', '艺视中国', 'Linda有艺见', '顾爷', 'Cc艺术', '艺术有意思', '入视', '小森式', '半城沙画', '匠心百业千人', '与设计对话', '开吉录像厅', '小胖画画', '艺术所以燃', '懒小陌画画为牢', '福建台《新视觉》', '绘画画', 'Sarah影评', '艺术达人肖肖', '墙放映', '艺萃', '手工达人谷川', '魔术达人姚新歌', '萌妹爱画画', '苏豪同学', 'MRDIYS', '半乡客', 'ASK DAVID', '东海音乐节', '花艺达人林子', '探展达人软壳椰子', '未来城市艺术节', '上汽上海文化广场']
=========
点击:历史
=========
<selenium.webdriver.remote.webelement.WebElement (session="0bfd00f96ee68840e8b226cda5307101", element="457c1ef7-f74c-49b7-bc42-d4451f0a878a")>
['动历史', '看鉴', '左右视频', '御史房', '历史会说话', '历史有今天', '秒兔历史', '印象历史', '小人物读历史', '那年那兔那些事儿', '美女话历史', '拾分档案馆', '小小白话', '凤凰网历史', '真玩时刻', '今纶说', 'Spice老J', '搜街达人花椰子', '脂麻说', '信息素']
=========
点击:纪录
=========
<selenium.webdriver.remote.webelement.WebElement (session="0bfd00f96ee68840e8b226cda5307101", element="8e7fb9c5-a0c3-4f91-9f4b-67db0a274083")>
['云集将来', 'FJTV纪录片创作室', '新华网APP', '一介视频', '了不起频道', '有光', '城市野人', '箭厂', '初次见', '大象纪录', '匠新', '野录视频', '发现者说', 'DOCO热纪录', '探索发现', '脑力汁视频', '今日中国', '中国故事', '匠仓', 'JT Singh', '22点tv', '自然野趣', '港真故事', '航拍中国', '小桥映画', '牛不啦', 'CI保护国际基金会', '觅世', '茶之路', '几何映像', '牛事视频', '江城Vision', '当一天中国人', '农村野孩子', '艄公', '西南山地', '贪云', '小满视频', '三两事', '自然造物', '歪腰果', '方野影像', '建筑匠新', '同一座城', '《钛短了》', '纪录安徽', '逐影', '瓶装火箭TV', '二线城市生存指南', '晨播TV', '本真视频', '有故事的店', '重庆共青团', '产地星球', '村大盛', '探展达人Gorden', '丹行线', '婺源静歌', '桃客影院', '馬大幕民间电视台', '关键Indie', '角马能源', '绿岛大侦探']
=========
点击:人物
=========
<selenium.webdriver.remote.webelement.WebElement (session="0bfd00f96ee68840e8b226cda5307101", element="47640108-41f3-4abe-9b58-3fc0d6b6730c")>
['一条', '环球人物', '二更', '冷面', '即刻video', '想象视频', '犀利旅行', '靶点视频', '遇言不止', '更上海', 'LOOK视频', '一卉', '一席·枝桠', '心闻台', '爱奇艺狂徒', '冬呱视频', '格子视频', '楠得一问', 'doperr', '有婞遇到', '拾三潮', '领域人物', '乾视频', '青年TV', 'OutWithIt', '山东人物', '漾TV', '西安人与城', '时光的力量', '潘石屹', '海淀融媒', 'VSHOW创业者演讲', '中国朋友圈', '我从台湾来', '素写', '界面面谈', '闪亮的名字', '梦想智囊团', '大像工坊', '大咖请回答', '未公司', '海峡导报', 'StarFace', '杨澜访谈录', '尚爷说ShangTalks', '全球游达人诗芸', '风云苏商', '丘古视频', '三上制作', '三界video', '逝者', '致敬行善者', '土川TV']
=========
点击:体育
=========
<selenium.webdriver.remote.webelement.WebElement (session="0bfd00f96ee68840e8b226cda5307101", element="5e96ccef-2dd1-4ef4-a832-3136478bf699")>
['why体育', '赛梨电竞', '看球', '乌拉世界杯', '放肆跑', '玩转中超', '准者篮球训练营', '看看台球', '达人开跑', '张京坤Club', '贝克足球', '虎牛体育', '探馆', '篮球达人Kyrie周', '篮友', '香蕉体育', '中国有足球', '单车基械匠', '足球频道', '晶报五环', '盛力世家SECA', '中国足球小将', '跑马达人粗糙姐', '世界麻将运动会', 'SENSE生死', '练球后', '迎健普拉提', '北体传媒']
=========
点击:运动
=========
<selenium.webdriver.remote.webelement.WebElement (session="0bfd00f96ee68840e8b226cda5307101", element="55c139a9-1c8c-4c24-9ba0-47fccb2831ec")>
['Fit健身', '每日瑜伽', '敢玩', '野玩儿', '运动咻咻咻', '运动侠', '有点瘦', '街力', '运动地理', '公牛极限运动', '蜜姐计划', '一招onehit', 'REnextop', '雅荻跑世界', '大跑荐', '高较瘦Amy', '牛人已上天', '一拍', '大幕只美三斤', '骑门芯儿', '中国有瑜伽', '日本健身达人圣樱', 'FITnCHIC', '王齐风DF', '步履不停', 'MEYoga', '功夫达人徐进', '极影者', 'bodybible', '蝎子潜水', 'MAX姐', '瑜伽达人seriwang', '健身达人老Ben', '玩乐达人川妹书艺', '单车速降达人小强', 'outside实验室', '滑板达人王玓', '滑板', '肯道尔之路', '滑板达人sk8-阿亮', '水晶球达人猫先生']
=========
点击:音乐
=========
<selenium.webdriver.remote.webelement.WebElement (session="0bfd00f96ee68840e8b226cda5307101", element="12dc5c81-1bd8-4e92-b82b-6c587d5b16db")>
['资博33', '刘宽音乐工厂', '私人音乐厅', '音乐大爆炸', '不要音乐', '魔力音乐', '整点音乐', '三感故事', 'KurtSchneider', '彩虹室内合唱团', 'inJune英俊', '尤克里里唱作教学', '吉术斋', '与音乐', '摩登天空', '草台乱唱', 'MCC_Official', '上海音乐学院', '民谣在路上', '蓝调小生钢琴课', '草莓音乐节', 'YouTube翻唱精选', '王朝音乐', '音律屋', '路C音乐', 'SWEE LEE工作室', '未来音乐', '乐鼎制造', '鲸鱼岛乐队', '够音', '摩登天空传媒', '一风录音棚', '习谱予', '藥音乐', '未来现场', '幕后圈课堂', 'BOOZ音乐', '青光眼乐队', '少女喵日常', '爱乐团王超吉他课', '留音坊', '音乐老炮儿聚集地', '新乐府', '海葵音乐现场', '飞鸦校园音乐', '大祁祁先生', '谈资爱音乐', '蜜桃音乐台', '名相乐府', '港风音乐驿站', '草台回声', '二饼胡拉', '十一月六六', '路人歌王', '来点音乐Music', '先锋音乐', 'Stage舞台', '沙洲音乐', '一指团体', '混凝草音乐节', '华音鼎天', '唱吧MIX+音乐人', '流行莫扎', '手碟达人羊蜀黍', '大先生音画工作组', '野行音乐短视频', '小晖钢琴']
=========
点击:舞蹈
=========
<selenium.webdriver.remote.webelement.WebElement (session="0bfd00f96ee68840e8b226cda5307101", element="f9f39265-fa45-4cb4-8285-0b3d1e4bc744")>
['口袋舞蹈君', 'BTSZD孙子团', '舞法舞天', '1MILLIONofficial', 'RMBCrew', 'SDT-official', '单色舞蹈', '不齐舞团', 'Ranz and Niana', '乾辰Family', '東兮何夕', '街头巨星', 'Freedom视频']
=========
点击:军事
=========
<selenium.webdriver.remote.webelement.WebElement (session="0bfd00f96ee68840e8b226cda5307101", element="2cd09a5e-a5e5-4966-9a30-2c8bd65cad61")>
['帧察视频']
=========
点击:财经
=========
<selenium.webdriver.remote.webelement.WebElement (session="0bfd00f96ee68840e8b226cda5307101", element="18312b4d-cb2a-41b4-a92f-180805de44de")>
['老板联播', '公司联播', '中新经纬', '第1眼视频', '金融民工吉胖子', '见智财经', '长江商学院', '贝果财经', '《商学院》杂志', '巨浪视线', '看懂', '说钱', '第一财经周刊', '房产大象', '最老板', '巴九灵新媒体', '每日经济新闻', 'LinkedIn', '同顺路18号', '小司聊理财', '中欧国际工商学院', '新财知社', 'NBD视频', 'BizBang', '财约你', '二发说', '财富词典', 'CEO的秘密', '股市解盘', '36氪视频', '炼金巴士', '三思@第一财经', '财妈聊财商', '益盟财经', '接招', '经济学人商论', '遇见大咖', '财晓得', '财富中国', '财经火山口', '金融小百科', ' 出类', '益盟新闻', '股事', '天天学股', 'TOP中国投资人', 'Hi-Finance', '羊毛财经', '创TALK', '升财有道', '创业美国', '一招百讲', '小梁有财', 'A股你莫愁', '财知生活', '取经', 'High财经', '财产说', '金律良言', '慧眼识陷阱', '跨界见真章', '聚财周周报', '股道坦图', '区块链名人堂', '名家论市', '梦想三分钟', '财经观察家', '小Q街访', 'AU说', '梨地产', '买GOOD', '商悟社', 'funhouse', '金金有味', '大v开8', '一视财经', '基股明金', '功夫财经', '财经连环画', '见面', '微视财经', '小司淘保VV', '千牛聚焦', '五行缺伙', '商界', '企业家夜读', '盘前观牛熊', '财智对话', '金融零距离', '烟台财经广角']
=========
点击:汽车
=========
<selenium.webdriver.remote.webelement.WebElement (session="0bfd00f96ee68840e8b226cda5307101", element="a700da08-d1a9-4fed-bc14-31eaa4659213")>
['麻辣车评', '大飙车', '萝卜报告', '汽车洋葱圈', '上车', '车BOSS', '车若初见官方频道', '梅卿快车道', '胡侃汽车', '嘀嘀叭叭', '汽车评中评', '走这视频', '撩车', '五号车论', '车少话车', '66车讯', '天天品车', '悠悠白话', '路咖汽车视频', '车范', '车网传媒', '赛车星球', '用车小百科', '这车值么', '兮有视频', '大飞淘车记', '车主之友', '聊车派', '潇湘车市', 'CarSee车影', '天下有车', '懂车小哥', '知了快报', '观冬煮', '懂车TV', 'Ray4fun', '汽车达人严哥', '私家车位', '爱车兵团', '无马汽车', '飞碟擎报局', '漂移君', '慢速公路', '大众汽车', 'HDC漂移车手科言', '1号弯道', '疑车有梨', '车界微视', '168平行进口车']
=========
点击:时尚
=========
<selenium.webdriver.remote.webelement.WebElement (session="0bfd00f96ee68840e8b226cda5307101", element="2228c6b3-d8d5-4191-8bbc-7b42115bfe91")>
['男装搭配思维', '有Young视频', '魔力时尚', '凹凸视频', '星期二小姐', 'SuperELLE', '爱开箱', '老外街', 'YOHO!GIRL', '时尚', '仙女日记', '美搭时尚', '时尚COSMO', '海报时尚网', '上海时尚周末', '昕薇', '白斑马', 'Ling类时尚', '路遥姑娘Queenie', 'GQ中国', '春春master', '怦怦种草机', '帮侬测测看', '排队现场', 'itgirl', '热特效', '舞蹈达人Jin小菌', '偶搭', '橙画面', '她享视频', '无忧TV', '阿布的自我修养', '风型秀', '芭莎星时尚', '看脸', '时尚先生fine', 'Dazed封面大片', '小樱桃笔记', '美肤研习社', 'EsquireTV', '蒸汽小姐', '醉济南', '大都会', '拍好一点', '美咖实验室', '李糖sugar', '台湾达人Docky陈', '头号风尚', 'InStyle10/57', '拍什么啊', '大饼穿搭札记', '雪碧小师妹', '美探', 'BBPark', '食尚达人小喜达', '决战吧衣橱', '潮流达人Celine', '美妆达人正经小麦', '超模造型达人芒果', '时尚设计达人K妹', '汉服达人怿清', '芭比辣妈', '小食达人小剁', '《美俏请回答》', '寸镜Loupe', 'Enzo在米兰', '非子测评', '时尚达人老毛', '女神魅力课', '时尚生活达人皓皓', '白哥买买买', '时尚达人茶叶', '欢脱旅行', '香水达人李竞', '分享达人大晶', '马里奥开始了', '摩天轮时光', 'ELLEMEN睿士']
=========
点击:美妆
=========
<selenium.webdriver.remote.webelement.WebElement (session="0bfd00f96ee68840e8b226cda5307101", element="801ace50-fced-479f-8621-a3ddf89ff591")>
['快美妆', '完美女人CChannel', '摩卡视频', '南瓜姑娘', 'Fancy范欣', 'loook美妆自习室', 'Alinda艾琳达', '大幕七十二变', '小豆蔻儿', '赖赖是Zoe', '女神候诊室', '迪小美DiDi', '造型达人TINTIN', '夏小雨Keira', 'Docter萌子', '春楠', '美妆达人熊抱抱', 'TC-Zhou', '不是种草机', '有酒窝的贞贞', '喜岛', '化妆品达人纯宝', '美妆达人甜鱼', '好奇美妆达人桃月', '阿原生活']
=========
点击:亲子
=========
<selenium.webdriver.remote.webelement.WebElement (session="0bfd00f96ee68840e8b226cda5307101", element="e3523ef9-432b-447e-9b69-3f8f6a05f893")>
['有养', '孩事儿', '叁口小屋', '宝妈享食记', '早熟头条', '1001个玩意儿', 'Momself', '超级育儿师', 'littlenav美食', '爸爸厨房', '小时间', '呼噜博士', '闲画部落', '菠萝动画', '贝贝粒', '爱的味道', '莔课堂', '我是潮小孩', '海贝家育儿', '放牛视频', '葡萄脱口秀', '童学玩', '稀饭动漫', '东方智典', '哎哟孩子', 'YesAt', '贝乐虎', '我该怎么办', '超级妈咪下午茶', '爱拼的卡爸', '爱力象星球', '樱桃来了INTAO', '莔笔', '圈圈游戏屋', '潮亲子达人檀圆舞', '莔奇奇科学实验室', '匠客实验室', '牙口吾言', '妈咪Jane手作', '娃嘀妈呀', '曾珈育儿', '莔艺点', '超级星宝', '亲子达人繁芒家族', '一条会聊天的狗', '亲子达人mo酱一家', '呜哈玩具', '童星汇', '玩具小宇宙', '遛娃达人烨烨妈', '亲子穿搭达人洁哥', '百变马丁']
=========
点击:母婴
=========
<selenium.webdriver.remote.webelement.WebElement (session="0bfd00f96ee68840e8b226cda5307101", element="3c3e4048-c2c0-42a4-9fd1-9e9620cd8527")>
['生了么', '米果儿', '十月呵护', '拜托了妈妈', '年糕妈妈', '北比棒 ', '蛋壳', '萌妈囧爸', '哈佛宝妈', '宝贝和餐桌', '享育', '一日五餐辅食', '助孕侠备孕科普', '温度育儿', '豆妈工坊', '吓shi宝宝了', '宝宝研究院', '辅食达人豆妈妈', '好孕妈妈之陈妈说', '宝贝在成长', '原子Uncle厨房', '天天聊宝贝', '虎妈潘潘', '妈妈好忙', '小小包麻麻', '妈妈玛莎', '酱宝宝', '章岚育儿', '啰嗦爸爸', '请问徐医生', '妈妈的吐槽', '邮轮达人妙妙', '可乐辣妈李晓娇', '奇葩宝贝超人妈']
=========
点击:萌宠
=========
<selenium.webdriver.remote.webelement.WebElement (session="0bfd00f96ee68840e8b226cda5307101", element="95167a90-019c-4f69-8531-241545141069")>
['萌猫宝哥哥', '有宠', '两只', '宠不停', '拾分寻趣', '爱宠志', '喵呜记', '宠有料', '魔力萌宠', '萌爪视频', '大狗子', '星宠号', '饭团小夫妻的日常', 'X星人', '汪汪来了', '汪得宠', '你好喵星人', '神秘汪星人', '巴士宠物大课堂', '宠物本该宠', '萌爪星球', '汪汪吧', '我与爱宠那些事儿', '拾宠', 'DEARMIGO', '奴才在', '斜角巷', 'EDUPET', '宠物餐厅达人园园', '大P的爱宠心机', '肥盘食笺', '葫芦鼠', '问题狗狗大改造']
=========
点击:动漫
=========
<selenium.webdriver.remote.webelement.WebElement (session="0bfd00f96ee68840e8b226cda5307101", element="5622ea76-b8a9-41ea-abcd-085ba0a98686")>
['茶啊二中', '咪咕动漫', '长草颜团子', '漫咖大杂汇', '最强蜗牛西能', '金牌特工', '僵小鱼', '口水三国', '动漫三分钟', '一禅小和尚', '爆小海', '猫咪domi', '阿良说动漫', '腾讯动漫', '口水封神', '贤二动画', 'ACG废柴君', '橙心社', '深夜渔堂', '两点十分动漫', '无聊诗社', '小绿和小蓝', 'Gon的旱獭', '燃也royal', '太乙仙魔录', '和女儿的日常', '5栋32号', '马修兔', '探探猫和豆豆猪', '少年锦衣卫', '好传动画', '网易漫画嗜谎之神', 'Pencilmation', '网易漫画鹿娘', '凹凸世界', '铅笔奇迹', '模玩达人KK.A', '维创匠心', '怪逗逗小舞台', 'BUT组合日常']
=========
点击:游戏
=========
<selenium.webdriver.remote.webelement.WebElement (session="0bfd00f96ee68840e8b226cda5307101", element="73b8a75c-529c-4593-aa88-5a59de77f84f")>
['兔玩电竞', '主播真会玩', '哎呀大联盟', '网易爱玩网', 'STN工作室', '心动网络', '光影之间CG插画']
=========
点击:暖闻
=========
<selenium.webdriver.remote.webelement.WebElement (session="0bfd00f96ee68840e8b226cda5307101", element="3bfa062f-b289-465a-8edf-288afaf94b2c")>
['中国网', '正好', '新时代', '造梦计划', '晚安mai克风', '江津网', '我见证我守护']
=========
点击:家居
=========
<selenium.webdriver.remote.webelement.WebElement (session="0bfd00f96ee68840e8b226cda5307101", element="e9343327-c4ba-4ba1-ab80-8054ca580f37")>
['整理生活', '装修PLUS', '东西物语', '住艺改造家', '爸爸的木匠小屋', '装修1分钟', '住颜', '装修那些事', '装修百宝书', '蜂视角', '屋研', '居住进化论', '小玫手工', 'EClife意思生活', '匠筑美作', '盼盼学士', '造物家园', '香香手工', '小西做东西', '浅听', '生活达人收纳王子', '吴小双说家居', '居小仙', '家居达人佳哥', '收纳达人艾嘉', '李虾条刺绣记', '梨享家']
=========
点击:VR
=========
<selenium.webdriver.remote.webelement.WebElement (session="0bfd00f96ee68840e8b226cda5307101", element="bdbe93c5-0ce1-4841-b67f-6f015ff2ad1e")>
['嗨转', '一镜一视界', '火柴全景VR', '互动视界', '猎鹰突击队']
=========
点击:Vlog
=========
<selenium.webdriver.remote.webelement.WebElement (session="0bfd00f96ee68840e8b226cda5307101", element="640744b5-a55d-4718-b1ed-043615bb5cbc")>
['房视频', '红红在首尔', '做做', 'TASTEBUDS', '科技达人1up', '南梁VLOG', '大鼓楼的里北京', '活在美国', '日本文化达人', 'ChloeV日记', '步步走世界', 'vlog达人王怡苏', '赵杨君ZhaoVlog', '时尚生活达人小博', '摩尼朱', '趣闻达人Grace', 'Vincent_Vlog', '望山', '老外达人绿眼睛', '旅行达人二丢', '当下频道', '轻生活达人Emilie', '孙小圣', '旅游达人Sherry', '摄影达人卡俄斯', '购物达人汪戈里', '生活达人清泽老鱼', '陈瀚Siri', '网红店达人朴夫人', '赶集达人Elisa', '精致生活达人可可', '猫眼看世界', '分享达人Kristen', '旅游达人雅痞哥', '轻食达人桃子', '潮店达人Sandy', '摄影达人阿垚', 'L小姐ai搭配', '音乐节达人阿汤', '民宿达人小茉莉', '凹照型达人Mika', '校园达人齐齐', '科技达人吉米', '潮食达人小圆', '探店美食达人柠檬', '生活达人CaiLu', '习水县融媒体中心', '酒店达人Bon主', '时尚吸猫达人S', '优雅生活达人明仔', '活力探索达人Elsa', '生活达人何色儿', '随喜啦心夜', '深度游达人月月', '迪士尼达人Cherry', '巴士达人YU', '麻烦的故事', '尤克现充达人阿盆', '北京浮生记VLOG', '滑板生活达人管牧', '魔都达人FUN嗡', '乐队达人三米酱', '别闹琤', 'vlog达人磁盘', '吃喝达人吃喝小记', '生活达人山茶花', '玩乐达人安飞飞', '精酿啤酒达人木鱼', '迪士尼达人包吱吱', '蜘蛛侠的女朋友', 'Z-Shine', '菜场达人柚子', '纸品达人小明', '土味达人Catson', 'lo装达人巧克力', '斐洛Phil', '校园种草达人背心', '便利店达人niko', '逛吃达人甜天才', '红娘达人凯文', '扫街达人陈永仁', '冬瓜孙东山', '周末达人Elena', 'vlog达人精分志玲', '创意美食达人Mark', '梁SIR的VLOG', '迪士尼达人山风客', '杨冲冲冲', 'catson vlog', '大流士', '好炭侬', '木飞斯', '媒体人的一天', '运动的不倒温']
=========
